

 ################ HAMILTONIAN ###############


Time evolution heisenberg Hamiltonian with 39 terms is given by: 
 0.816051045657566 * (X(0) @ X(1)) + 0.7194823958437391 * (Y(0) @ Y(1)) + 0.758393119229894 * (Z(0) @ Z(1)) + 0.07572430117506412 * (X(0) @ X(5)) + 0.930667835529462 * (Y(0) @ Y(5)) + -0.15859236739051097 * (Z(0) @ Z(5)) + -0.4942258338659755 * (X(1) @ X(2)) + -0.2523175997500495 * (Y(1) @ Y(2)) + 0.9766624711053176 * (Z(1) @ Z(2)) + 0.8865683807799767 * (X(1) @ X(6)) + -0.3826231049208506 * (Y(1) @ Y(6)) + -0.19893418968080345 * (Z(1) @ Z(6)) + 0.23961396951934133 * (X(2) @ X(3)) + -0.3117138902124137 * (Y(2) @ Y(3)) + 0.3439746714073706 * (Z(2) @ Z(3)) + 0.18132656009876325 * (X(2) @ X(7)) + -0.8181047982782543 * (Y(2) @ Y(7)) + 0.37848572179266937 * (Z(2) @ Z(7)) + -0.5099459823946493 * (X(3) @ X(4)) + -0.9248072212063403 * (Y(3) @ Y(4)) + 0.051400773416115264 * (Z(3) @ Z(4)) + -0.21587299325981513 * (X(3) @ X(8)) + -0.20247956614854745 * (Y(3) @ Y(8)) + 0.44711337101832704 * (Z(3) @ Z(8)) + 0.980255540954313 * (X(4) @ X(9)) + -0.5583612242726137 * (Y(4) @ Y(9)) + 0.8682241314335477 * (Z(4) @ Z(9)) + -0.48891432509159727 * (X(5) @ X(6)) + 0.9978909306385257 * (Y(5) @ Y(6)) + -0.8265028681807476 * (Z(5) @ Z(6)) + -0.32355127117397053 * (X(6) @ X(7)) + 0.5588217460333991 * (Y(6) @ Y(7)) + 0.6202518422570231 * (Z(6) @ Z(7)) + 0.9004122291347758 * (X(7) @ X(8)) + 0.06141216112018233 * (Y(7) @ Y(8)) + 0.7723714681235818 * (Z(7) @ Z(8)) + -0.5510932830094233 * (X(8) @ X(9)) + -0.05874259420945527 * (Y(8) @ Y(9)) + 0.7913702432591139 * (Z(8) @ Z(9))



 ################ OBSERVABLE ###############


Number of coefficient terms: 10 choose 3 * 3^3 = 3240 vs. number of data points: 4500

Observable Terms (first 25 terms):[X(0) @ X(1) @ X(2), X(0) @ X(1) @ Y(2), X(0) @ X(1) @ Z(2), X(0) @ Y(1) @ X(2), X(0) @ Y(1) @ Y(2), X(0) @ Y(1) @ Z(2), X(0) @ Z(1) @ X(2), X(0) @ Z(1) @ Y(2), X(0) @ Z(1) @ Z(2), Y(0) @ X(1) @ X(2), Y(0) @ X(1) @ Y(2), Y(0) @ X(1) @ Z(2), Y(0) @ Y(1) @ X(2), Y(0) @ Y(1) @ Y(2), Y(0) @ Y(1) @ Z(2), Y(0) @ Z(1) @ X(2), Y(0) @ Z(1) @ Y(2), Y(0) @ Z(1) @ Z(2), Z(0) @ X(1) @ X(2), Z(0) @ X(1) @ Y(2), Z(0) @ X(1) @ Z(2), Z(0) @ Y(1) @ X(2), Z(0) @ Y(1) @ Y(2), Z(0) @ Y(1) @ Z(2), Z(0) @ Z(1) @ X(2)]

alpha (first 25 terms)= [-0.02842089  0.37595029  0.9649991  -0.63994448  0.91546364 -0.10425654
 -0.37058065  0.93422766  0.00840337 -0.19694742  0.31251982  0.13504708
  0.51752383 -0.16985014  0.15170397 -0.75588783  0.47133829 -0.40211477
  0.79071805 -0.91653068  0.82581435  0.05989115  0.27844023 -0.86131103
 -0.87359944]



 ################ DATA ###############


x-data (first 5): [[0 0 1 1 0 0 0 1 0 1]
 [1 0 0 0 0 1 0 0 1 0]
 [1 0 1 0 0 1 0 1 0 1]
 [0 1 0 1 1 0 0 0 0 1]
 [0 1 1 0 1 1 1 0 1 1]]

Expectation values of operator (first 5):
[-2.91807565  1.52723284  4.33772189  4.77130223  0.78262474]

Expectation values of individual Pauli operators (first data point, first 5):
[-0.035 -0.02   0.255 -0.075  0.035]

