

 ################ HAMILTONIAN ###############


Time evolution antiferro_XY Hamiltonian with 26 terms is given by: 
 0.30045529238673585 * (X(0) @ X(1)) + 0.9027848583013038 * (Y(0) @ Y(1)) + -0.12040483771382293 * (X(0) @ X(5)) + 0.11622508381136187 * (Y(0) @ Y(5)) + -0.7548588886139309 * (X(1) @ X(2)) + -0.5910785436503763 * (Y(1) @ Y(2)) + 0.11081916937257463 * (X(1) @ X(6)) + 0.32990452711175444 * (Y(1) @ Y(6)) + 0.962726931754351 * (X(2) @ X(3)) + -0.779740663600992 * (Y(2) @ Y(3)) + 0.1566257980890362 * (X(2) @ X(7)) + -0.028158361471384064 * (Y(2) @ Y(7)) + 0.6123996250495258 * (X(3) @ X(4)) + 0.24417741075937194 * (Y(3) @ Y(4)) + 0.8333656406390684 * (X(3) @ X(8)) + 0.16722983331170238 * (Y(3) @ Y(8)) + 0.6580200221312205 * (X(4) @ X(9)) + -0.5128735848442363 * (Y(4) @ Y(9)) + 0.7231347109881499 * (X(5) @ X(6)) + -0.17358663410560493 * (Y(5) @ Y(6)) + -0.9662792268819127 * (X(6) @ X(7)) + 0.17663236705618024 * (Y(6) @ Y(7)) + -0.3802992589047747 * (X(7) @ X(8)) + 0.9795327548829875 * (Y(7) @ Y(8)) + -0.4228200617250004 * (X(8) @ X(9)) + 0.9729119510218234 * (Y(8) @ Y(9))



 ################ OBSERVABLE ###############


Number of coefficient terms: 10 choose 3 * 3^3 = 3240 vs. number of data points: 4500

Observable Terms (first 25 terms):[X(0) @ X(1) @ X(2), X(0) @ X(1) @ Y(2), X(0) @ X(1) @ Z(2), X(0) @ Y(1) @ X(2), X(0) @ Y(1) @ Y(2), X(0) @ Y(1) @ Z(2), X(0) @ Z(1) @ X(2), X(0) @ Z(1) @ Y(2), X(0) @ Z(1) @ Z(2), Y(0) @ X(1) @ X(2), Y(0) @ X(1) @ Y(2), Y(0) @ X(1) @ Z(2), Y(0) @ Y(1) @ X(2), Y(0) @ Y(1) @ Y(2), Y(0) @ Y(1) @ Z(2), Y(0) @ Z(1) @ X(2), Y(0) @ Z(1) @ Y(2), Y(0) @ Z(1) @ Z(2), Z(0) @ X(1) @ X(2), Z(0) @ X(1) @ Y(2), Z(0) @ X(1) @ Z(2), Z(0) @ Y(1) @ X(2), Z(0) @ Y(1) @ Y(2), Z(0) @ Y(1) @ Z(2), Z(0) @ Z(1) @ X(2)]

alpha (first 25 terms)= [ 0.04748663 -0.42387177 -0.67354682  0.90118029 -0.28547775  0.67330247
 -0.17463203 -0.64317736 -0.45636364  0.92034138 -0.09819535 -0.10366215
  0.15618951  0.20988902 -0.25987973 -0.09270727  0.51822334 -0.24482907
  0.69576756  0.34703554 -0.2156589   0.28565126  0.77118973  0.27818442
  0.49004409]



 ################ DATA ###############


x-data (first 5): [[0 1 1 0 0 0 0 0 0 0]
 [1 0 1 0 1 0 0 1 0 0]
 [0 1 0 0 1 0 1 0 1 1]
 [0 1 1 0 0 0 1 1 1 0]
 [1 0 1 0 1 0 1 1 0 1]]

Expectation values of operator (first 5):
[-1.62195947 -0.37671734 -1.67048325 -3.65330437  3.52307147]

Expectation values of individual Pauli operators (first data point, first 5):
[ 0.075 -0.02   0.065  0.14  -0.005]

