Epoch 0: Loss = 18.743782
Epoch 200: Loss = 6.924029
Epoch 400: Loss = 4.600928
Epoch 600: Loss = 3.074930
Epoch 800: Loss = 3.574323
Epoch 1000: Loss = 3.015089
Epoch 1200: Loss = 5.246235
Early stopping
Neural Network MSE Loss on test data: 5.242086
R^2 score of Neural Network:0.8663095062274062

Epoch 0: Loss = 33.954666
Epoch 200: Loss = 6.462476
Epoch 400: Loss = 4.343510
Epoch 600: Loss = 5.801128
Early stopping
Neural Network MSE Loss on test data: 6.786721
R^2 score of Neural Network:0.8269162334185525

Epoch 0: Loss = 35.685177
Epoch 200: Loss = 9.807433
Epoch 400: Loss = 12.386201
Epoch 600: Loss = 11.518920
Epoch 800: Loss = 6.496213
Epoch 1000: Loss = 9.066981
Early stopping
Neural Network MSE Loss on test data: 11.932502
R^2 score of Neural Network:0.6956818585296243

Epoch 0: Loss = 40.156914
Epoch 200: Loss = 37.714134
Epoch 400: Loss = 35.690411
Epoch 600: Loss = 41.032715
Epoch 800: Loss = 32.748802
Epoch 1000: Loss = 34.243870
Early stopping
Neural Network MSE Loss on test data: 35.276417
R^2 score of Neural Network:0.1003351183016511

Epoch 0: Loss = 41.156326
Epoch 200: Loss = 1.347242
Epoch 400: Loss = 2.136082
Epoch 600: Loss = 3.626510
Epoch 800: Loss = 4.110230
Early stopping
Neural Network MSE Loss on test data: 5.079014
R^2 score of Neural Network:0.8704684040849509

Epoch 0: Loss = 62.907227
Epoch 200: Loss = 2.736372
Epoch 400: Loss = 3.523607
Epoch 600: Loss = 3.362861
Early stopping
Neural Network MSE Loss on test data: 5.319333
R^2 score of Neural Network:0.8643394749703591

Epoch 0: Loss = 30.411489
Epoch 200: Loss = 2.659381
Epoch 400: Loss = 3.446089
Epoch 600: Loss = 5.850094
Epoch 800: Loss = 1.785190
Early stopping
Neural Network MSE Loss on test data: 5.320479
R^2 score of Neural Network:0.8643102489413096

Epoch 0: Loss = 46.556934
Epoch 200: Loss = 5.070846
Epoch 400: Loss = 4.680395
Epoch 600: Loss = 4.384489
Epoch 800: Loss = 5.080078
Epoch 1000: Loss = 4.057214
Epoch 1200: Loss = 4.848318
Epoch 1400: Loss = 4.308307
Epoch 1600: Loss = 4.084019
Epoch 1800: Loss = 4.543906
Epoch 2000: Loss = 4.324952
Early stopping
Neural Network MSE Loss on test data: 5.792906
R^2 score of Neural Network:0.8522617964004473

Epoch 0: Loss = 31.566647
Epoch 200: Loss = 2.717970
Epoch 400: Loss = 2.434586
Epoch 600: Loss = 3.924816
Epoch 800: Loss = 1.815303
Epoch 1000: Loss = 3.347977
Epoch 1200: Loss = 2.521178
Epoch 1400: Loss = 1.059107
Early stopping
Neural Network MSE Loss on test data: 4.690010
R^2 score of Neural Network:0.880389288180381

Epoch 0: Loss = 30.560467
Epoch 200: Loss = 2.498439
Epoch 400: Loss = 2.265986
Epoch 600: Loss = 1.996920
Early stopping
Neural Network MSE Loss on test data: 4.655695
R^2 score of Neural Network:0.8812644315493863

Epoch 0: Loss = 24.578117
Epoch 200: Loss = 4.927572
Epoch 400: Loss = 3.659097
Epoch 600: Loss = 1.691100
Epoch 800: Loss = 2.487700
Early stopping
Neural Network MSE Loss on test data: 5.057016
R^2 score of Neural Network:0.8710294377429812

Epoch 0: Loss = 41.463768
Epoch 200: Loss = 3.505246
Epoch 400: Loss = 3.291646
Epoch 600: Loss = 3.008689
Epoch 800: Loss = 3.096935
Early stopping
Neural Network MSE Loss on test data: 5.391795
R^2 score of Neural Network:0.8624914641920105

Epoch 0: Loss = 41.717072
Epoch 200: Loss = 107.332169
Epoch 400: Loss = 23.126488
Epoch 600: Loss = 10.867672
Epoch 800: Loss = 11.756853
Epoch 1000: Loss = 21.239826
Epoch 1200: Loss = 8.397938
Early stopping
Neural Network MSE Loss on test data: 18.019787
R^2 score of Neural Network:0.5404360280260958

Epoch 0: Loss = 46.553139
Epoch 200: Loss = 148168.468750
Epoch 400: Loss = 60721.976562
Early stopping
Neural Network MSE Loss on test data: 39.521576
R^2 score of Neural Network:-0.007930424952508064

Epoch 0: Loss = 98.770493
Epoch 200: Loss = 22.553944
Epoch 400: Loss = 15.328637
Epoch 600: Loss = 13.696066
Epoch 800: Loss = 4.021405
Epoch 1000: Loss = 1.618856
Epoch 1200: Loss = 7.527370
Epoch 1400: Loss = 6.492733
Early stopping
Neural Network MSE Loss on test data: 9.672583
R^2 score of Neural Network:0.7533172823222861

Epoch 0: Loss = 242.771225
Epoch 200: Loss = 25.252129
Epoch 400: Loss = 20.618896
Epoch 600: Loss = 15.568739
Epoch 800: Loss = 13.307383
Epoch 1000: Loss = 14.652110
Epoch 1200: Loss = 12.379389
Epoch 1400: Loss = 15.454119
Epoch 1600: Loss = 14.708633
Early stopping
Neural Network MSE Loss on test data: 15.669424
R^2 score of Neural Network:0.6003780654639379

