

 ################ HAMILTONIAN ###############


Time evolution ising Hamiltonian with 23 terms is given by: 
 0.8080288603850061 * (Z(0) @ Z(1)) + 0.5079539568933447 * (Z(0) @ Z(5)) + -0.18626639591542893 * (Z(1) @ Z(2)) + 0.40282579227090154 * (Z(1) @ Z(6)) + -0.7313420750648993 * (Z(2) @ Z(3)) + 0.3817673719867427 * (Z(2) @ Z(7)) + 0.6515856435724785 * (Z(3) @ Z(4)) + -0.094766815012717 * (Z(3) @ Z(8)) + 0.005974237148767214 * (Z(4) @ Z(9)) + -0.9086694624249527 * (Z(5) @ Z(6)) + 0.38701808527065795 * (Z(6) @ Z(7)) + -0.9630818539446724 * (Z(7) @ Z(8)) + 0.9090229261228464 * (Z(8) @ Z(9)) + 0.3503096475230869 * Z(0) + 0.9353701833101724 * Z(1) + -0.2687967153988675 * Z(2) + 0.18901044521427246 * Z(3) + 0.7957594054424706 * Z(4) + -0.08520915630825576 * Z(5) + -0.22276287814359086 * Z(6) + 0.3899539534972545 * Z(7) + 0.25405993347838884 * Z(8) + 0.5564428475042336 * Z(9)



 ################ OBSERVABLE ###############


Number of coefficient terms: 10 choose 3 * 3^3 = 3240 vs. number of data points: 4500

Observable Terms (first 25 terms):[X(0) @ X(1) @ X(2), X(0) @ X(1) @ Y(2), X(0) @ X(1) @ Z(2), X(0) @ Y(1) @ X(2), X(0) @ Y(1) @ Y(2), X(0) @ Y(1) @ Z(2), X(0) @ Z(1) @ X(2), X(0) @ Z(1) @ Y(2), X(0) @ Z(1) @ Z(2), Y(0) @ X(1) @ X(2), Y(0) @ X(1) @ Y(2), Y(0) @ X(1) @ Z(2), Y(0) @ Y(1) @ X(2), Y(0) @ Y(1) @ Y(2), Y(0) @ Y(1) @ Z(2), Y(0) @ Z(1) @ X(2), Y(0) @ Z(1) @ Y(2), Y(0) @ Z(1) @ Z(2), Z(0) @ X(1) @ X(2), Z(0) @ X(1) @ Y(2), Z(0) @ X(1) @ Z(2), Z(0) @ Y(1) @ X(2), Z(0) @ Y(1) @ Y(2), Z(0) @ Y(1) @ Z(2), Z(0) @ Z(1) @ X(2)]

alpha (first 25 terms)= [ 0.3467006   0.36176753  0.68267278 -0.24683184 -0.99480494 -0.30332073
 -0.00872816  0.77679353 -0.40578418 -0.64394228 -0.7026409  -0.60800327
 -0.54096656  0.73715154  0.14320298 -0.4163106   0.54984893  0.47308982
 -0.7747317   0.94295966  0.49592208  0.26838147  0.12038942 -0.38949964
 -0.80675224]



 ################ DATA ###############


x-data (first 5): [[1 0 1 0 1 1 1 1 0 1]
 [1 0 1 1 0 1 1 1 1 1]
 [0 0 0 1 1 1 1 1 1 1]
 [1 1 1 1 1 1 0 1 1 1]
 [0 0 1 1 1 0 0 1 1 0]]

Expectation values of operator (first 5):
[ -4.73789395   2.82248685   4.504372    -4.55614783 -12.03468318]

Expectation values of individual Pauli operators (first data point, first 5):
[-0.02   0.01  -0.07   0.065  0.075]

