

 ################ HAMILTONIAN ###############


Time evolution heisenberg Hamiltonian with 39 terms is given by: 
 0.37086023316730454 * (X(0) @ X(1)) + 0.07268549217958276 * (Y(0) @ Y(1)) + 0.5153453893605657 * (Z(0) @ Z(1)) + -0.022053681200438824 * (X(0) @ X(5)) + -0.782810651022013 * (Y(0) @ Y(5)) + 0.5181222292638603 * (Z(0) @ Z(5)) + -0.6052253297611474 * (X(1) @ X(2)) + 0.6600890156631976 * (Y(1) @ Y(2)) + -0.2628400742884853 * (Z(1) @ Z(2)) + -0.4688592498699291 * (X(1) @ X(6)) + -0.40628753405163276 * (Y(1) @ Y(6)) + 0.48596170855651044 * (Z(1) @ Z(6)) + 0.6646809301972603 * (X(2) @ X(3)) + 0.9673481128237997 * (Y(2) @ Y(3)) + -0.7649969654033981 * (Z(2) @ Z(3)) + 0.5876527919832597 * (X(2) @ X(7)) + 0.7314425632402062 * (Y(2) @ Y(7)) + -0.11624580290114483 * (Z(2) @ Z(7)) + -0.8375945656194794 * (X(3) @ X(4)) + 0.8337769107836481 * (Y(3) @ Y(4)) + 0.7227088283285636 * (Z(3) @ Z(4)) + 0.9020106065465003 * (X(3) @ X(8)) + -0.1342969833466412 * (Y(3) @ Y(8)) + -0.8133100475897113 * (Z(3) @ Z(8)) + 0.01216157620633429 * (X(4) @ X(9)) + -0.970005235981328 * (Y(4) @ Y(9)) + 0.2888286759792076 * (Z(4) @ Z(9)) + 0.3531255175371366 * (X(5) @ X(6)) + -0.6301024575347447 * (Y(5) @ Y(6)) + -0.7836587198524472 * (Z(5) @ Z(6)) + 0.23167688659176444 * (X(6) @ X(7)) + -0.34097818773507305 * (Y(6) @ Y(7)) + 0.34919851770428756 * (Z(6) @ Z(7)) + 0.908467637699168 * (X(7) @ X(8)) + 0.060361216948767504 * (Y(7) @ Y(8)) + 0.1711994757309363 * (Z(7) @ Z(8)) + 0.9977330478327662 * (X(8) @ X(9)) + -0.10533105337871507 * (Y(8) @ Y(9)) + 0.905233075196703 * (Z(8) @ Z(9))



 ################ OBSERVABLE ###############


Number of coefficient terms: 10 choose 3 * 3^3 = 3240 vs. number of data points: 4500

Observable Terms (first 25 terms):[X(0) @ X(1) @ X(2), X(0) @ X(1) @ Y(2), X(0) @ X(1) @ Z(2), X(0) @ Y(1) @ X(2), X(0) @ Y(1) @ Y(2), X(0) @ Y(1) @ Z(2), X(0) @ Z(1) @ X(2), X(0) @ Z(1) @ Y(2), X(0) @ Z(1) @ Z(2), Y(0) @ X(1) @ X(2), Y(0) @ X(1) @ Y(2), Y(0) @ X(1) @ Z(2), Y(0) @ Y(1) @ X(2), Y(0) @ Y(1) @ Y(2), Y(0) @ Y(1) @ Z(2), Y(0) @ Z(1) @ X(2), Y(0) @ Z(1) @ Y(2), Y(0) @ Z(1) @ Z(2), Z(0) @ X(1) @ X(2), Z(0) @ X(1) @ Y(2), Z(0) @ X(1) @ Z(2), Z(0) @ Y(1) @ X(2), Z(0) @ Y(1) @ Y(2), Z(0) @ Y(1) @ Z(2), Z(0) @ Z(1) @ X(2)]

alpha (first 25 terms)= [-0.17272729 -0.44684017  0.7239626   0.46990197  0.91945    -0.51405571
  0.27945371 -0.95612928 -0.22914492  0.59541094  0.28896588  0.97766329
 -0.69371763 -0.19295165 -0.2425286  -0.61244958 -0.64436264 -0.76605612
  0.15193987 -0.58347517  0.64869542  0.57422918 -0.34795454  0.80502207
 -0.4224158 ]



 ################ DATA ###############


x-data (first 5): [[1 1 1 1 1 0 0 0 1 1]
 [0 0 0 0 1 0 0 1 1 1]
 [0 0 0 1 0 0 1 1 1 0]
 [1 1 0 1 1 0 1 1 0 0]
 [0 0 1 1 0 1 0 0 0 0]]

Expectation values of operator (first 5):
[-1.58819252 -1.83668998  4.64271451 -5.42235892  1.52995483]

Expectation values of individual Pauli operators (first data point, first 5):
[ 0.06  -0.035 -0.015 -0.035  0.05 ]



 ################ RESULTS ###############


### LASSO ###


Cross-validated MSE:[np.float64(0.0011951585587241281), np.float64(0.0008442892499066131), np.float64(0.0007780223825076226), np.float64(0.0010555986447273033), np.float64(0.0009478649861111113)]
 
Mean CV MSE:0.0009641867643953555

Cross-validated R^2 Scores:[0.9998194937966816, 0.9998661669106906, 0.99987486980785, 0.9998224267428157, 0.9998412427052271]
 
Mean R^2 score:0.9998448399926531

MSE loss of LASSO training: 9.573669662177822e-06

|w^*| = 32.5470567579257

|w^* - alpha| = 0.5115648894192706

MSE Loss of LASSO regression on entire data set: 0.0007780223825076226

Relative absolute error compared to ground truth range: 1.4142135623730951 vs. -8.381028716111972-7.861009319694411


 ### Neural Network ###


Epoch 0: Loss = 6.114452
Epoch 200: Loss = 2.901333
Epoch 400: Loss = 2.437796
Epoch 600: Loss = 2.334720
Epoch 800: Loss = 2.244023
Epoch 1000: Loss = 2.180447
Epoch 1200: Loss = 2.186879
Epoch 1400: Loss = 2.161059
Epoch 1600: Loss = 2.132938
Epoch 1800: Loss = 2.064862

 Neural Network MSE Loss on test data: 3.563460
