

 ################ HAMILTONIAN ###############


Time evolution z Hamiltonian with 10 terms is given by: 
 -0.6225917193237478 * Z(0) + -0.6225917193237478 * Z(1) + -0.6225917193237478 * Z(2) + -0.6225917193237478 * Z(3) + -0.6225917193237478 * Z(4) + -0.6225917193237478 * Z(5) + -0.6225917193237478 * Z(6) + -0.6225917193237478 * Z(7) + -0.6225917193237478 * Z(8) + -0.6225917193237478 * Z(9)



 ################ OBSERVABLE ###############


Number of coefficient terms: 10 choose 3 * 3^3 = 3240 vs. number of data points: 4500

Observable Terms (first 25 terms):[X(0) @ X(1) @ X(2), X(0) @ X(1) @ Y(2), X(0) @ X(1) @ Z(2), X(0) @ Y(1) @ X(2), X(0) @ Y(1) @ Y(2), X(0) @ Y(1) @ Z(2), X(0) @ Z(1) @ X(2), X(0) @ Z(1) @ Y(2), X(0) @ Z(1) @ Z(2), Y(0) @ X(1) @ X(2), Y(0) @ X(1) @ Y(2), Y(0) @ X(1) @ Z(2), Y(0) @ Y(1) @ X(2), Y(0) @ Y(1) @ Y(2), Y(0) @ Y(1) @ Z(2), Y(0) @ Z(1) @ X(2), Y(0) @ Z(1) @ Y(2), Y(0) @ Z(1) @ Z(2), Z(0) @ X(1) @ X(2), Z(0) @ X(1) @ Y(2), Z(0) @ X(1) @ Z(2), Z(0) @ Y(1) @ X(2), Z(0) @ Y(1) @ Y(2), Z(0) @ Y(1) @ Z(2), Z(0) @ Z(1) @ X(2)]

alpha (first 25 terms)= [-0.64216222 -0.36777438 -0.31357594 -0.23703613  0.96619345  0.34253266
  0.31947648  0.53994835  0.70340873  0.61657769 -0.63741427 -0.1333344
 -0.72411449 -0.00860981  0.12334032 -0.63395238  0.81881527  0.07541741
  0.47380945 -0.85089274  0.19653048  0.38948404 -0.11279177  0.7768512
  0.86033981]



 ################ DATA ###############


x-data (first 5): [[1 0 1 1 1 1 1 1 0 1]
 [0 1 1 0 0 0 1 1 0 0]
 [1 0 1 1 0 1 0 0 0 1]
 [0 1 0 0 0 1 0 0 0 0]
 [1 1 0 0 1 0 1 0 1 1]]

Expectation values of operator (first 5):
[ 0.97386737  1.46534499  1.28722492 -1.28432398  1.3074975 ]

Expectation values of individual Pauli operators (first data point, first 5):
[-0.07  -0.04   0.06   0.04   0.055]

