

 ################ HAMILTONIAN ###############


Time evolution z Hamiltonian with 10 terms is given by: 
 -0.5185144267090838 * Z(0) + -0.5185144267090838 * Z(1) + -0.5185144267090838 * Z(2) + -0.5185144267090838 * Z(3) + -0.5185144267090838 * Z(4) + -0.5185144267090838 * Z(5) + -0.5185144267090838 * Z(6) + -0.5185144267090838 * Z(7) + -0.5185144267090838 * Z(8) + -0.5185144267090838 * Z(9)



 ################ OBSERVABLE ###############


Number of coefficient terms: 10 choose 3 * 3^3 = 3240 vs. number of data points: 4500

Observable Terms (first 25 terms):[X(0) @ X(1) @ X(2), X(0) @ X(1) @ Y(2), X(0) @ X(1) @ Z(2), X(0) @ Y(1) @ X(2), X(0) @ Y(1) @ Y(2), X(0) @ Y(1) @ Z(2), X(0) @ Z(1) @ X(2), X(0) @ Z(1) @ Y(2), X(0) @ Z(1) @ Z(2), Y(0) @ X(1) @ X(2), Y(0) @ X(1) @ Y(2), Y(0) @ X(1) @ Z(2), Y(0) @ Y(1) @ X(2), Y(0) @ Y(1) @ Y(2), Y(0) @ Y(1) @ Z(2), Y(0) @ Z(1) @ X(2), Y(0) @ Z(1) @ Y(2), Y(0) @ Z(1) @ Z(2), Z(0) @ X(1) @ X(2), Z(0) @ X(1) @ Y(2), Z(0) @ X(1) @ Z(2), Z(0) @ Y(1) @ X(2), Z(0) @ Y(1) @ Y(2), Z(0) @ Y(1) @ Z(2), Z(0) @ Z(1) @ X(2)]

alpha (first 25 terms)= [-3.41395883e-01  8.24233344e-01  7.98009912e-01 -1.25643883e-01
  1.31625805e-01 -5.19867282e-01  2.51021710e-01 -3.98634471e-01
  2.71623753e-02 -3.63045472e-01  8.71880557e-01  9.14227035e-01
  8.93885655e-01  3.17947746e-01 -2.17475632e-01 -8.91079710e-01
  9.10761191e-02 -3.74049273e-01  8.67845000e-04  7.55729180e-01
 -5.82094422e-01  1.30039332e-01 -9.11975356e-02  5.56125751e-01
  2.03872251e-01]



 ################ DATA ###############


x-data (first 5): [[0 1 0 1 0 1 0 0 0 0]
 [1 0 0 0 1 1 1 1 0 0]
 [0 1 1 1 1 1 1 1 0 0]
 [1 0 1 0 0 0 1 1 0 1]
 [0 1 1 1 1 1 1 0 0 1]]

Expectation values of operator (first 5):
[-4.18459609 -2.87133942 -2.03099803  1.0661357   1.65827806]

Expectation values of individual Pauli operators (first data point, first 5):
[-0.015 -0.03   0.04   0.025 -0.035]



 ################ RESULTS ###############


### LASSO ###


Cross-validated MSE:[np.float64(0.0011904378429462743), np.float64(0.000926225873631633), np.float64(0.0009398243261855154), np.float64(0.001214955177171554), np.float64(0.0013121325341734396)]
 
Mean CV MSE:0.0011167151508216832

Cross-validated R^2 Scores:[0.9999717249743468, 0.9999792377907554, 0.999975621978485, 0.9999699968887387, 0.9999686770051519]
 
Mean R^2 score:0.9999730517274955

MSE loss of LASSO training: 1.150525145191702e-05

|w^*| = 32.731831389838646

|w^* - alpha| = 0.6096164494557228

MSE Loss of LASSO regression on entire data set: 0.000926225873631633

Relative absolute error compared to ground truth range: 1.0 vs. -18.687439983119706-21.22566363841775


 ### Neural Network ###


Epoch 0: Loss = 41.580654
Epoch 200: Loss = 6.554184
Epoch 400: Loss = 5.003630
Epoch 600: Loss = 4.430037
Epoch 800: Loss = 4.027534
Epoch 1000: Loss = 3.742386
Epoch 1200: Loss = 3.590131
Epoch 1400: Loss = 3.610655
Epoch 1600: Loss = 3.579572
Epoch 1800: Loss = 3.384546

 Neural Network MSE Loss on test data: 4.862434
