

 ################ HAMILTONIAN ###############


Time evolution heisenberg Hamiltonian with 39 terms is given by: 
 0.675208410284518 * (X(0) @ X(1)) + -0.3725439342169623 * (Y(0) @ Y(1)) + 0.0029885338822506213 * (Z(0) @ Z(1)) + -0.4211942076786248 * (X(0) @ X(5)) + 0.9707053462113009 * (Y(0) @ Y(5)) + 0.7627983863793735 * (Z(0) @ Z(5)) + -0.5404314731959006 * (X(1) @ X(2)) + -0.7371859513585155 * (Y(1) @ Y(2)) + -0.15451167498091634 * (Z(1) @ Z(2)) + -0.303818935286265 * (X(1) @ X(6)) + 0.27316481763353395 * (Y(1) @ Y(6)) + -0.6822203770521698 * (Z(1) @ Z(6)) + 0.20213759387345664 * (X(2) @ X(3)) + 0.6488142116214066 * (Y(2) @ Y(3)) + -0.08286035123749635 * (Z(2) @ Z(3)) + -0.36276619110628516 * (X(2) @ X(7)) + -0.44739756416275633 * (Y(2) @ Y(7)) + 0.45082968159626224 * (Z(2) @ Z(7)) + -0.8464341849664956 * (X(3) @ X(4)) + -0.18338287786305463 * (Y(3) @ Y(4)) + 0.7582299797163632 * (Z(3) @ Z(4)) + 0.9485368699778651 * (X(3) @ X(8)) + 0.42950360459915315 * (Y(3) @ Y(8)) + 0.8306005210684708 * (Z(3) @ Z(8)) + -0.4723749655878857 * (X(4) @ X(9)) + 0.7865622334419902 * (Y(4) @ Y(9)) + 0.2452978964388577 * (Z(4) @ Z(9)) + -0.5362322273879425 * (X(5) @ X(6)) + -0.4999019295904179 * (Y(5) @ Y(6)) + -0.6010767516973496 * (Z(5) @ Z(6)) + 0.29909112067724 * (X(6) @ X(7)) + 0.41262733942741914 * (Y(6) @ Y(7)) + -0.6637876524571884 * (Z(6) @ Z(7)) + -0.6068470833998689 * (X(7) @ X(8)) + -0.4575321402544734 * (Y(7) @ Y(8)) + 0.40990153282055375 * (Z(7) @ Z(8)) + -0.2264570639486183 * (X(8) @ X(9)) + 0.8168944977949537 * (Y(8) @ Y(9)) + -0.30852162457646504 * (Z(8) @ Z(9))



 ################ OBSERVABLE ###############


Number of coefficient terms: 10 choose 3 * 3^3 = 3240 vs. number of data points: 4500

Observable Terms (first 25 terms):[X(0) @ X(1) @ X(2), X(0) @ X(1) @ Y(2), X(0) @ X(1) @ Z(2), X(0) @ Y(1) @ X(2), X(0) @ Y(1) @ Y(2), X(0) @ Y(1) @ Z(2), X(0) @ Z(1) @ X(2), X(0) @ Z(1) @ Y(2), X(0) @ Z(1) @ Z(2), Y(0) @ X(1) @ X(2), Y(0) @ X(1) @ Y(2), Y(0) @ X(1) @ Z(2), Y(0) @ Y(1) @ X(2), Y(0) @ Y(1) @ Y(2), Y(0) @ Y(1) @ Z(2), Y(0) @ Z(1) @ X(2), Y(0) @ Z(1) @ Y(2), Y(0) @ Z(1) @ Z(2), Z(0) @ X(1) @ X(2), Z(0) @ X(1) @ Y(2), Z(0) @ X(1) @ Z(2), Z(0) @ Y(1) @ X(2), Z(0) @ Y(1) @ Y(2), Z(0) @ Y(1) @ Z(2), Z(0) @ Z(1) @ X(2)]

alpha (first 25 terms)= [ 0.75880347 -0.51377989  0.09674328 -0.02172694 -0.14565549  0.98421438
  0.95288703 -0.44323465 -0.64462798  0.55854838  0.38073916 -0.1417813
  0.76044032  0.06412866 -0.29762491 -0.00369535 -0.89045324  0.9020832
  0.70020313  0.37560831  0.62590657 -0.52827552 -0.17274722  0.14978543
  0.62113184]



 ################ DATA ###############


x-data (first 5): [[1 1 1 1 1 1 1 0 1 0]
 [0 1 1 0 0 0 0 0 0 1]
 [0 1 0 0 1 0 0 1 1 1]
 [0 1 0 0 1 0 1 1 0 1]
 [0 0 0 0 0 1 0 1 1 0]]

Expectation values of operator (first 5):
[-0.78845475  3.14501956 -0.94892809  0.89073413  3.39669822]

Expectation values of individual Pauli operators (first data point, first 5):
[ 0.015  0.04  -0.1    0.03   0.   ]



 ################ RESULTS ###############


### LASSO ###


Cross-validated MSE:[np.float64(7.514687601673636), np.float64(7.261946215289082), np.float64(6.822596111879817), np.float64(6.898869885638097), np.float64(6.851790092475809)]
 
Mean CV MSE:7.069977981391288

Cross-validated R^2 Scores:[0.06507923806339144, 0.07309719959078964, 0.07511338180441651, 0.05777215684278558, 0.06766288167720347]
 
Mean R^2 score:0.06774497159571732

MSE loss of LASSO training: 7.052882034591498

|w^*| = 1.4005120593760838

|w^* - alpha| = 33.05468644170733

MSE Loss of LASSO regression on entire data set: 6.822596111879817



 ### Neural Network ###


Epoch 0: Loss = 7.464669
Epoch 200: Loss = 3.138219
Epoch 400: Loss = 2.625091
Epoch 600: Loss = 2.467578
Epoch 800: Loss = 2.359522
Epoch 1000: Loss = 2.300399
Epoch 1200: Loss = 2.255384
Epoch 1400: Loss = 2.292376
Epoch 1600: Loss = 2.268051
Epoch 1800: Loss = 2.194701

 Neural Network MSE Loss on test data: 4.123427
